<?xml version="1.0" encoding="UTF-8"?>
<!-- Generated by org.testng.reporters.JUnitReportReporter -->
<testsuite hostname="192.168.1.6" name="TestDemo.AppTest" tests="1" failures="0" timestamp="24 Dec 2018 12:48:55 GMT" time="0.000" errors="0">
  <testcase name="shouldAnswerWithTrue" time="0.000" classname="TestDemo.AppTest"/>
</testsuite> <!-- TestDemo.AppTest -->
